1506354483388	geckodriver	INFO	geckodriver 0.19.0
1506354483443	geckodriver	INFO	Listening on 127.0.0.1:62901
1506354484793	mozrunner::runner	INFO	Running command: "/Applications/Firefox.app/Contents/MacOS/firefox-bin" "-marionette" "-profile" "/var/folders/tl/spg1ny214bx3jhq_nrf6w6g00000gp/T/rust_mozprofile.4BBHao3YN4YR"
1506354485069	addons.xpi	WARN	Error parsing extensions state: [Exception... "Component returned failure code: 0x80520012 (NS_ERROR_FILE_NOT_FOUND) [amIAddonManagerStartup.readStartupData]"  nsresult: "0x80520012 (NS_ERROR_FILE_NOT_FOUND)"  location: "JS frame :: resource://gre/modules/addons/XPIProvider.jsm :: loadExtensionState :: line 1596"  data: no] Stack trace: loadExtensionState()@resource://gre/modules/addons/XPIProvider.jsm:1596 < getInstallState()@resource://gre/modules/addons/XPIProvider.jsm:1631 < checkForChanges()@resource://gre/modules/addons/XPIProvider.jsm:3152 < startup()@resource://gre/modules/addons/XPIProvider.jsm:2246 < callProvider()@resource://gre/modules/AddonManager.jsm:271 < _startProvider()@resource://gre/modules/AddonManager.jsm:741 < startup()@resource://gre/modules/AddonManager.jsm:908 < startup()@resource://gre/modules/AddonManager.jsm:3122 < observe()@jar:file:///Applications/Firefox.app/Contents/Resources/omni.ja!/components/addonManager.js:65
1506354485361	Marionette	INFO	Enabled via --marionette
2017-09-25 17:48:06.505 plugin-container[14172:2478179] *** CFMessagePort: bootstrap_register(): failed 1100 (0x44c) 'Permission denied', port = 0x9e3b, name = 'com.apple.tsm.portname'
See /usr/include/servers/bootstrap_defs.h for the error codes.
2017-09-25 17:48:06.509 plugin-container[14172:2478179] *** CFMessagePort: bootstrap_register(): failed 1100 (0x44c) 'Permission denied', port = 0xa103, name = 'com.apple.CFPasteboardClient'
See /usr/include/servers/bootstrap_defs.h for the error codes.
1506354486665	Marionette	INFO	Listening on port 62910
JavaScript error: chrome://marionette/content/server.js, line 337: NS_ERROR_SOCKET_ADDRESS_IN_USE: Component returned failure code: 0x804b0036 (NS_ERROR_SOCKET_ADDRESS_IN_USE) [nsIServerSocket.initSpecialConnection]
1506354486702	Marionette	WARN	TLS certificate errors will be ignored for this session
1506354486742	Marionette	DEBUG	loaded listener.js
1506354486759	Marionette	DEBUG	Received DOM event "beforeunload" for "about:blank"
1506354486772	Marionette	DEBUG	Received DOM event "beforeunload" for "about:blank"
1506354486773	Marionette	DEBUG	Received DOM event "pagehide" for "about:blank"
1506354486774	Marionette	DEBUG	Received DOM event "unload" for "about:blank"
1506354486830	Marionette	DEBUG	Received DOM event "DOMContentLoaded" for "about:neterror?e=connectionFailure&u=http%3A//localhost%3A8000/&c=UTF-8&f=regular&d=Firefox%20can%E2%80%99t%20establish%20a%20connection%20to%20the%20server%20at%20localhost%3A8000."
2017-09-25 17:48:15.971 firefox-bin[14169:2478059] IMKInputSession presentFunctionRowItemTextInputViewWithEndpoint:completionHandler: : [self textInputContext]=0x117bab4c0 *NO* NSRemoteViewController to client, NSError=Error Domain=NSCocoaErrorDomain Code=4097 "connection from pid 0" UserInfo={NSDebugDescription=connection from pid 0}, com.apple.inputmethod.EmojiFunctionRowItem
2017-09-25 17:48:22.784 firefox-bin[14169:2478059] IMKInputSession presentFunctionRowItemTextInputViewWithEndpoint:completionHandler: : [self textInputContext]=0x117bab4c0 *NO* NSRemoteViewController to client, NSError=Error Domain=NSCocoaErrorDomain Code=4097 "connection from pid 0" UserInfo={NSDebugDescription=connection from pid 0}, com.apple.inputmethod.EmojiFunctionRowItem
1506354551566	geckodriver	INFO	geckodriver 0.19.0
1506354551620	geckodriver	INFO	Listening on 127.0.0.1:62993
1506354552673	mozrunner::runner	INFO	Running command: "/Applications/Firefox.app/Contents/MacOS/firefox-bin" "-marionette" "-profile" "/var/folders/tl/spg1ny214bx3jhq_nrf6w6g00000gp/T/rust_mozprofile.rQLp1L96nmpg"
1506354552901	addons.xpi	WARN	Error parsing extensions state: [Exception... "Component returned failure code: 0x80520012 (NS_ERROR_FILE_NOT_FOUND) [amIAddonManagerStartup.readStartupData]"  nsresult: "0x80520012 (NS_ERROR_FILE_NOT_FOUND)"  location: "JS frame :: resource://gre/modules/addons/XPIProvider.jsm :: loadExtensionState :: line 1596"  data: no] Stack trace: loadExtensionState()@resource://gre/modules/addons/XPIProvider.jsm:1596 < getInstallState()@resource://gre/modules/addons/XPIProvider.jsm:1631 < checkForChanges()@resource://gre/modules/addons/XPIProvider.jsm:3152 < startup()@resource://gre/modules/addons/XPIProvider.jsm:2246 < callProvider()@resource://gre/modules/AddonManager.jsm:271 < _startProvider()@resource://gre/modules/AddonManager.jsm:741 < startup()@resource://gre/modules/AddonManager.jsm:908 < startup()@resource://gre/modules/AddonManager.jsm:3122 < observe()@jar:file:///Applications/Firefox.app/Contents/Resources/omni.ja!/components/addonManager.js:65
1506354553186	Marionette	INFO	Enabled via --marionette
2017-09-25 17:49:14.341 plugin-container[14184:2482375] *** CFMessagePort: bootstrap_register(): failed 1100 (0x44c) 'Permission denied', port = 0x9e3b, name = 'com.apple.tsm.portname'
See /usr/include/servers/bootstrap_defs.h for the error codes.
2017-09-25 17:49:14.344 plugin-container[14184:2482375] *** CFMessagePort: bootstrap_register(): failed 1100 (0x44c) 'Permission denied', port = 0xa103, name = 'com.apple.CFPasteboardClient'
See /usr/include/servers/bootstrap_defs.h for the error codes.
1506354554508	Marionette	INFO	Listening on port 63002
JavaScript error: chrome://marionette/content/server.js, line 337: NS_ERROR_SOCKET_ADDRESS_IN_USE: Component returned failure code: 0x804b0036 (NS_ERROR_SOCKET_ADDRESS_IN_USE) [nsIServerSocket.initSpecialConnection]
1506354554538	Marionette	WARN	TLS certificate errors will be ignored for this session
1506354554574	Marionette	DEBUG	loaded listener.js
1506354554590	Marionette	DEBUG	Received DOM event "beforeunload" for "about:blank"
1506354554601	Marionette	DEBUG	Received DOM event "beforeunload" for "about:blank"
1506354554603	Marionette	DEBUG	Received DOM event "pagehide" for "about:blank"
1506354554603	Marionette	DEBUG	Received DOM event "unload" for "about:blank"
1506354554653	Marionette	DEBUG	Received DOM event "DOMContentLoaded" for "about:neterror?e=connectionFailure&u=http%3A//localhost%3A8000/&c=UTF-8&f=regular&d=Firefox%20can%E2%80%99t%20establish%20a%20connection%20to%20the%20server%20at%20localhost%3A8000."
2017-09-25 17:49:26.913 firefox-bin[14183:2482281] IMKInputSession presentFunctionRowItemTextInputViewWithEndpoint:completionHandler: : [self textInputContext]=0x115ca7220 *NO* NSRemoteViewController to client, NSError=Error Domain=NSCocoaErrorDomain Code=4097 "connection from pid 0" UserInfo={NSDebugDescription=connection from pid 0}, com.apple.inputmethod.EmojiFunctionRowItem
2017-09-25 17:49:28.060 firefox-bin[14183:2482281] IMKInputSession presentFunctionRowItemTextInputViewWithEndpoint:completionHandler: : [self textInputContext]=0x115ca7220 *NO* NSRemoteViewController to client, NSError=Error Domain=NSCocoaErrorDomain Code=4097 "connection from pid 0" UserInfo={NSDebugDescription=connection from pid 0}, com.apple.inputmethod.EmojiFunctionRowItem
2017-09-25 17:49:29.523 firefox-bin[14183:2482281] IMKInputSession presentFunctionRowItemTextInputViewWithEndpoint:completionHandler: : [self textInputContext]=0x115ca7220 *NO* NSRemoteViewController to client, NSError=Error Domain=NSCocoaErrorDomain Code=4097 "connection from pid 0" UserInfo={NSDebugDescription=connection from pid 0}, com.apple.inputmethod.EmojiFunctionRowItem
2017-09-25 17:49:31.202 firefox-bin[14183:2482281] IMKInputSession presentFunctionRowItemTextInputViewWithEndpoint:completionHandler: : [self textInputContext]=0x115ca7220 *NO* NSRemoteViewController to client, NSError=Error Domain=NSCocoaErrorDomain Code=4097 "connection from pid 0" UserInfo={NSDebugDescription=connection from pid 0}, com.apple.inputmethod.EmojiFunctionRowItem
1506354575652	geckodriver	INFO	geckodriver 0.19.0
1506354575711	geckodriver	INFO	Listening on 127.0.0.1:63065
1506354576757	mozrunner::runner	INFO	Running command: "/Applications/Firefox.app/Contents/MacOS/firefox-bin" "-marionette" "-profile" "/var/folders/tl/spg1ny214bx3jhq_nrf6w6g00000gp/T/rust_mozprofile.5Eq7tCMGkDMd"
1506354576988	addons.xpi	WARN	Error parsing extensions state: [Exception... "Component returned failure code: 0x80520012 (NS_ERROR_FILE_NOT_FOUND) [amIAddonManagerStartup.readStartupData]"  nsresult: "0x80520012 (NS_ERROR_FILE_NOT_FOUND)"  location: "JS frame :: resource://gre/modules/addons/XPIProvider.jsm :: loadExtensionState :: line 1596"  data: no] Stack trace: loadExtensionState()@resource://gre/modules/addons/XPIProvider.jsm:1596 < getInstallState()@resource://gre/modules/addons/XPIProvider.jsm:1631 < checkForChanges()@resource://gre/modules/addons/XPIProvider.jsm:3152 < startup()@resource://gre/modules/addons/XPIProvider.jsm:2246 < callProvider()@resource://gre/modules/AddonManager.jsm:271 < _startProvider()@resource://gre/modules/AddonManager.jsm:741 < startup()@resource://gre/modules/AddonManager.jsm:908 < startup()@resource://gre/modules/AddonManager.jsm:3122 < observe()@jar:file:///Applications/Firefox.app/Contents/Resources/omni.ja!/components/addonManager.js:65
1506354577283	Marionette	INFO	Enabled via --marionette
2017-09-25 17:49:38.425 plugin-container[14190:2484298] *** CFMessagePort: bootstrap_register(): failed 1100 (0x44c) 'Permission denied', port = 0x9e2f, name = 'com.apple.tsm.portname'
See /usr/include/servers/bootstrap_defs.h for the error codes.
2017-09-25 17:49:38.428 plugin-container[14190:2484298] *** CFMessagePort: bootstrap_register(): failed 1100 (0x44c) 'Permission denied', port = 0xa103, name = 'com.apple.CFPasteboardClient'
See /usr/include/servers/bootstrap_defs.h for the error codes.
1506354578574	Marionette	INFO	Listening on port 63074
JavaScript error: chrome://marionette/content/server.js, line 337: NS_ERROR_SOCKET_ADDRESS_IN_USE: Component returned failure code: 0x804b0036 (NS_ERROR_SOCKET_ADDRESS_IN_USE) [nsIServerSocket.initSpecialConnection]
1506354578623	Marionette	WARN	TLS certificate errors will be ignored for this session
1506354578657	Marionette	DEBUG	loaded listener.js
1506354578673	Marionette	DEBUG	Received DOM event "beforeunload" for "about:blank"
1506354578685	Marionette	DEBUG	Received DOM event "beforeunload" for "about:blank"
1506354578686	Marionette	DEBUG	Received DOM event "pagehide" for "about:blank"
1506354578686	Marionette	DEBUG	Received DOM event "unload" for "about:blank"
1506354578736	Marionette	DEBUG	Received DOM event "DOMContentLoaded" for "about:neterror?e=connectionFailure&u=http%3A//localhost%3A8000/&c=UTF-8&f=regular&d=Firefox%20can%E2%80%99t%20establish%20a%20connection%20to%20the%20server%20at%20localhost%3A8000."
2017-09-25 17:49:39.497 firefox-bin[14169:2478059] IMKInputSession presentFunctionRowItemTextInputViewWithEndpoint:completionHandler: : [self textInputContext]=0x117bab4c0 *NO* NSRemoteViewController to client, NSError=Error Domain=NSCocoaErrorDomain Code=4097 "connection from pid 0" UserInfo={NSDebugDescription=connection from pid 0}, com.apple.inputmethod.EmojiFunctionRowItem
2017-09-25 17:49:41.612 firefox-bin[14189:2484189] IMKInputSession presentFunctionRowItemTextInputViewWithEndpoint:completionHandler: : [self textInputContext]=0x12797bd00 *NO* NSRemoteViewController to client, NSError=Error Domain=NSCocoaErrorDomain Code=4097 "connection from pid 0" UserInfo={NSDebugDescription=connection from pid 0}, com.apple.inputmethod.EmojiFunctionRowItem
1506354585330	geckodriver	INFO	geckodriver 0.19.0
1506354585389	geckodriver	INFO	Listening on 127.0.0.1:63132
1506354586439	mozrunner::runner	INFO	Running command: "/Applications/Firefox.app/Contents/MacOS/firefox-bin" "-marionette" "-profile" "/var/folders/tl/spg1ny214bx3jhq_nrf6w6g00000gp/T/rust_mozprofile.J3X3iQcIxD2z"
1506354586704	addons.xpi	WARN	Error parsing extensions state: [Exception... "Component returned failure code: 0x80520012 (NS_ERROR_FILE_NOT_FOUND) [amIAddonManagerStartup.readStartupData]"  nsresult: "0x80520012 (NS_ERROR_FILE_NOT_FOUND)"  location: "JS frame :: resource://gre/modules/addons/XPIProvider.jsm :: loadExtensionState :: line 1596"  data: no] Stack trace: loadExtensionState()@resource://gre/modules/addons/XPIProvider.jsm:1596 < getInstallState()@resource://gre/modules/addons/XPIProvider.jsm:1631 < checkForChanges()@resource://gre/modules/addons/XPIProvider.jsm:3152 < startup()@resource://gre/modules/addons/XPIProvider.jsm:2246 < callProvider()@resource://gre/modules/AddonManager.jsm:271 < _startProvider()@resource://gre/modules/AddonManager.jsm:741 < startup()@resource://gre/modules/AddonManager.jsm:908 < startup()@resource://gre/modules/AddonManager.jsm:3122 < observe()@jar:file:///Applications/Firefox.app/Contents/Resources/omni.ja!/components/addonManager.js:65
1506354586990	Marionette	INFO	Enabled via --marionette
2017-09-25 17:49:48.121 plugin-container[14196:2485355] *** CFMessagePort: bootstrap_register(): failed 1100 (0x44c) 'Permission denied', port = 0x9e3b, name = 'com.apple.tsm.portname'
See /usr/include/servers/bootstrap_defs.h for the error codes.
2017-09-25 17:49:48.121 plugin-container[14196:2485355] *** CFMessagePort: bootstrap_register(): failed 1100 (0x44c) 'Permission denied', port = 0xa103, name = 'com.apple.CFPasteboardClient'
See /usr/include/servers/bootstrap_defs.h for the error codes.
1506354588307	Marionette	INFO	Listening on port 63141
JavaScript error: chrome://marionette/content/server.js, line 337: NS_ERROR_SOCKET_ADDRESS_IN_USE: Component returned failure code: 0x804b0036 (NS_ERROR_SOCKET_ADDRESS_IN_USE) [nsIServerSocket.initSpecialConnection]
1506354588412	Marionette	WARN	TLS certificate errors will be ignored for this session
1506354588448	Marionette	DEBUG	loaded listener.js
1506354588467	Marionette	DEBUG	Received DOM event "beforeunload" for "about:blank"
1506354588479	Marionette	DEBUG	Received DOM event "beforeunload" for "about:blank"
1506354588481	Marionette	DEBUG	Received DOM event "pagehide" for "about:blank"
1506354588481	Marionette	DEBUG	Received DOM event "unload" for "about:blank"
1506354588530	Marionette	DEBUG	Received DOM event "DOMContentLoaded" for "about:neterror?e=connectionFailure&u=http%3A//localhost%3A8000/&c=UTF-8&f=regular&d=Firefox%20can%E2%80%99t%20establish%20a%20connection%20to%20the%20server%20at%20localhost%3A8000."
2017-09-25 17:53:23.638 firefox-bin[14195:2485289] IMKInputSession presentFunctionRowItemTextInputViewWithEndpoint:completionHandler: : [self textInputContext]=0x11c2c0b80 *NO* NSRemoteViewController to client, NSError=Error Domain=NSCocoaErrorDomain Code=4097 "connection from pid 0" UserInfo={NSDebugDescription=connection from pid 0}, com.apple.inputmethod.EmojiFunctionRowItem
2017-09-25 17:53:24.421 firefox-bin[14195:2485289] IMKInputSession presentFunctionRowItemTextInputViewWithEndpoint:completionHandler: : [self textInputContext]=0x11c2c0b80 *NO* NSRemoteViewController to client, NSError=Error Domain=NSCocoaErrorDomain Code=4097 "connection from pid 0" UserInfo={NSDebugDescription=connection from pid 0}, com.apple.inputmethod.EmojiFunctionRowItem
2017-09-25 17:53:43.056 firefox-bin[14195:2485289] IMKInputSession presentFunctionRowItemTextInputViewWithEndpoint:completionHandler: : [self textInputContext]=0x11c2c0b80 *NO* NSRemoteViewController to client, NSError=Error Domain=NSCocoaErrorDomain Code=4097 "connection from pid 0" UserInfo={NSDebugDescription=connection from pid 0}, com.apple.inputmethod.EmojiFunctionRowItem
1506355128581	geckodriver	INFO	geckodriver 0.19.0
1506355128635	geckodriver	INFO	Listening on 127.0.0.1:63362
1506355129685	mozrunner::runner	INFO	Running command: "/Applications/Firefox.app/Contents/MacOS/firefox-bin" "-marionette" "-profile" "/var/folders/tl/spg1ny214bx3jhq_nrf6w6g00000gp/T/rust_mozprofile.vj3r6TfyaRPp"
1506355129934	addons.xpi	WARN	Error parsing extensions state: [Exception... "Component returned failure code: 0x80520012 (NS_ERROR_FILE_NOT_FOUND) [amIAddonManagerStartup.readStartupData]"  nsresult: "0x80520012 (NS_ERROR_FILE_NOT_FOUND)"  location: "JS frame :: resource://gre/modules/addons/XPIProvider.jsm :: loadExtensionState :: line 1596"  data: no] Stack trace: loadExtensionState()@resource://gre/modules/addons/XPIProvider.jsm:1596 < getInstallState()@resource://gre/modules/addons/XPIProvider.jsm:1631 < checkForChanges()@resource://gre/modules/addons/XPIProvider.jsm:3152 < startup()@resource://gre/modules/addons/XPIProvider.jsm:2246 < callProvider()@resource://gre/modules/AddonManager.jsm:271 < _startProvider()@resource://gre/modules/AddonManager.jsm:741 < startup()@resource://gre/modules/AddonManager.jsm:908 < startup()@resource://gre/modules/AddonManager.jsm:3122 < observe()@jar:file:///Applications/Firefox.app/Contents/Resources/omni.ja!/components/addonManager.js:65
1506355130231	Marionette	INFO	Enabled via --marionette
2017-09-25 17:58:51.359 plugin-container[14365:2512046] *** CFMessagePort: bootstrap_register(): failed 1100 (0x44c) 'Permission denied', port = 0x9e3b, name = 'com.apple.tsm.portname'
See /usr/include/servers/bootstrap_defs.h for the error codes.
2017-09-25 17:58:51.363 plugin-container[14365:2512046] *** CFMessagePort: bootstrap_register(): failed 1100 (0x44c) 'Permission denied', port = 0xa103, name = 'com.apple.CFPasteboardClient'
See /usr/include/servers/bootstrap_defs.h for the error codes.
1506355131512	Marionette	INFO	Listening on port 63371
JavaScript error: chrome://marionette/content/server.js, line 337: NS_ERROR_SOCKET_ADDRESS_IN_USE: Component returned failure code: 0x804b0036 (NS_ERROR_SOCKET_ADDRESS_IN_USE) [nsIServerSocket.initSpecialConnection]
1506355131563	Marionette	WARN	TLS certificate errors will be ignored for this session
1506355131599	Marionette	DEBUG	loaded listener.js
1506355131616	Marionette	DEBUG	Received DOM event "beforeunload" for "about:blank"
1506355131647	Marionette	DEBUG	Received DOM event "pagehide" for "about:blank"
1506355131647	Marionette	DEBUG	Received DOM event "unload" for "about:blank"
1506355131652	Marionette	DEBUG	Received DOM event "DOMContentLoaded" for "http://localhost:8000/"
1506355131675	Marionette	DEBUG	Received DOM event "pageshow" for "http://localhost:8000/"
2017-09-25 17:59:34.734 firefox-bin[14363:2511934] IMKInputSession presentFunctionRowItemTextInputViewWithEndpoint:completionHandler: : [self textInputContext]=0x10fead760 *NO* NSRemoteViewController to client, NSError=Error Domain=NSCocoaErrorDomain Code=4097 "connection from pid 0" UserInfo={NSDebugDescription=connection from pid 0}, com.apple.inputmethod.EmojiFunctionRowItem
2017-09-25 17:59:39.780 firefox-bin[14195:2485289] IMKInputSession presentFunctionRowItemTextInputViewWithEndpoint:completionHandler: : [self textInputContext]=0x11c2c0b80 *NO* NSRemoteViewController to client, NSError=Error Domain=NSCocoaErrorDomain Code=4097 "connection from pid 0" UserInfo={NSDebugDescription=connection from pid 0}, com.apple.inputmethod.EmojiFunctionRowItem
